<?xml version="1.0" encoding="UTF-8"?>
<testsuite name="TriangleTest" tests="7" skipped="0" failures="0" errors="0" timestamp="2016-02-15T18:11:26" hostname="epicodus-64.local" time="0.001">
  <properties/>
  <testcase name="triangleType_sideLengthsAreEqual_equilateral" classname="TriangleTest" time="0.0"/>
  <testcase name="triangleType_sideLengthsPassPythagoras_rightTriangle" classname="TriangleTest" time="0.0"/>
  <testcase name="isTriangle_sideLengthsAreNotTriangle_false" classname="TriangleTest" time="0.0"/>
  <testcase name="newTriangle_instantiatesCorrectly" classname="TriangleTest" time="0.0"/>
  <testcase name="triangleType_twoSideLengthsAreEqual_isosceles" classname="TriangleTest" time="0.0"/>
  <testcase name="triangleType_sideLengthsAreNotTriangle_false" classname="TriangleTest" time="0.0"/>
  <testcase name="triangleType_noSideLenghtsAreEqual_scalene" classname="TriangleTest" time="0.0"/>
  <system-out><![CDATA[]]></system-out>
  <system-err><![CDATA[]]></system-err>
</testsuite>
